________________________________________________________________________________________________________________________________
bafybeigtunzf5yzrrj6s4xd4eyjhpy7b2bane4lgq7h2whrxhegsshggd4
________________________________________________________________________________________________________________________________
                                                                                                                           LOGS
    bafybeibomxhgsr2tjj22wmtv2zeovg5wkua5um5vax3sl4ccvx46fgnnvy
________________________________________________________________________________________________________________________________
                                                                bafybeibme332zkdpkd23ogwpftvo26vnvjxtyyzijs6dynno73ogqzkaqm.LOG
        bafybeib6gswcgdcvsdfdqrdsq6a6vdnf4w5xhkangy6byie2pt3vbyzvnq
________________________________________________________________________________________________________________________________
                                                                bafybeicp7jrkozsg7ai2zee7bu7gkv7icuoz4odahmo32hinmzj53j54xy.LOG
        bafybeici7klyuihvqv7ap5fj4qq2itmdyxp7w7hdmcyxc5tqbng55t7wte
________________________________________________________________________________________________________________________________
                                                                bafybeidbpjwf3wkpyosqix2qhv4r4smeoase4zu2sqxlxhsjy2vjze7dji.LOG
        bafybeidaeypjfzicudwy5nmtusvmtwv6rd3o6ykydvu3cb4otb74v72rmq
________________________________________________________________________________________________________________________________
                                                                bafybeidtzeykvm25s3hatmw2jiolc7wrvi4eubcrq5swz7kcgg3plm3rxy.LOG
        bafybeieeauwu4pvl6yykgkhsrxbw5sneho4xsffwnxr4rc4bss5z5y5wh4
________________________________________________________________________________________________________________________________
                                                                bafybeifiksanjyct7s7zo6g7j63oyawbfukg2oic4ydzglmdh45ofbfsxq.LOG
        bafybeihw7znydjjzpynixnqn347rhmtsjgqjkoqa2cxbmbrhjy44q2qffi
________________________________________________________________________________________________________________________________
                                                                    bafybeibme332zkdpkd23ogwpftvo26vnvjxtyyzijs6dynno73ogqzkaqm
    bafybeibme332zkdpkd23ogwpftvo26vnvjxtyyzijs6dynno73ogqzkaqm
________________________________________________________________________________________________________________________________
                                                                                                                MeKuboRmPin.ico
        bafybeicjgq47eyuppbjsmyxxdag43wst6ba7aggsd2uejwlyfovly3224e
________________________________________________________________________________________________________________________________
                                                                                                                  MeKuboWidgets
        bafybeihjmzfsd4bzp4jvrim2v76wo7cckfnvwcb4nez26t2mr6ojbjk5ge
________________________________________________________________________________________________________________________________
                                                                                                                    MeKuboRmPin
            bafybeienzcolwoapq623gk535vtgy6wzxjptfuwjd2j5jyqnetxadbq2d4
________________________________________________________________________________________________________________________________
                                                                                                                MeKuboRmPin.exe
                bafybeibwpmtvpg6xvncymernpllnqw5gxmzoeivw3vvwwbkc2rs5xikweu
________________________________________________________________________________________________________________________________
                                                                                                                 MeKuboRmPin.py
                bafybeif4ydrl7wgfro55ag23ngzkcgipvnb4kln5v7lsa6xzedca5fg6fi
________________________________________________________________________________________________________________________________
                                                                                                                            zoo
                bafybeifuj7rqasejbo4t5cv4q4fjplhgag3fjbeg7pk2ueanaweqj2a2sm
________________________________________________________________________________________________________________________________
                                                                                                                     2paths.ini
                    bafybeifj46gk32yiuwe5vrvthiasmfj43jn6pscmtlwqivagayheypyxre
________________________________________________________________________________________________________________________________
                                                                    bafybeicp7jrkozsg7ai2zee7bu7gkv7icuoz4odahmo32hinmzj53j54xy
    bafybeicp7jrkozsg7ai2zee7bu7gkv7icuoz4odahmo32hinmzj53j54xy
________________________________________________________________________________________________________________________________
                                                                                                                 MeKuboTree.ico
        bafybeicxrv465kt22y4aamlkg7qdizuf56c5hs4uukv3sma3y5wea7dg2q
________________________________________________________________________________________________________________________________
                                                                                                                  MeKuboWidgets
        bafybeicqhs33wkzf6qgziwk6fy7pkkgfwos6wqfajmfmwfi3vv6gygpuv4
________________________________________________________________________________________________________________________________
                                                                                                                     MeKuboTree
            bafybeihahat2tj4bney5rcirb62ikzz7pb4gsmxpt3v4wo3k22vvpbhizy
________________________________________________________________________________________________________________________________
                                                                                                                 MeKuboTree.exe
                bafybeiemhtfqvcj5y5si3lpckkz5hs7kx2bgrz3d733gxg5j2p6hxjswfa
________________________________________________________________________________________________________________________________
                                                                                                                  MeKuboTree.py
                bafybeic6mtfq7uq6ce3iqo44xnx33fg64yfrxocmrqgb5s4skvkndwtete
________________________________________________________________________________________________________________________________
                                                                                                                       hashtree
                bafybeiczsscdsbs7ffqz55asqdf3smv6klcw3gofszvwlyarci47bgf354
________________________________________________________________________________________________________________________________
                                                                    bafybeidbpjwf3wkpyosqix2qhv4r4smeoase4zu2sqxlxhsjy2vjze7dji
    bafybeidbpjwf3wkpyosqix2qhv4r4smeoase4zu2sqxlxhsjy2vjze7dji
________________________________________________________________________________________________________________________________
                                                                                                                     MeKuboWeb3
        bafybeih7rdgdfhxbagrt4j72pmhwwm5c5efi23mir2uwtw5yvkat53r6xu
________________________________________________________________________________________________________________________________
                                                                                                                 MeKuboWeb3.exe
            bafybeihjzjd3ew7bpzp6sexpz6v4yvfi7tbtqr6rxzc42nghwvr3bs6asa
________________________________________________________________________________________________________________________________
                                                                                                                  MeKuboWeb3.py
            bafybeiesmokl5dwrwguxkdf4bbmu6vkxrcsompue2fuabx63kvea5wmeca
________________________________________________________________________________________________________________________________
                                                                                                                            zoo
            bafybeibk33cr5gtubil5na4zkjsz6e5kqboi4paiwzz7eh7xyluvntnre4
________________________________________________________________________________________________________________________________
                                                                                                                           kubo
                bafybeidyn5rwwwywyhy45ya43gbup577x7yym4oqof3vuoqnz6s5hi4zpq
________________________________________________________________________________________________________________________________
                                                                                                                        .unixfs
                    bafybeiczsscdsbs7ffqz55asqdf3smv6klcw3gofszvwlyarci47bgf354
________________________________________________________________________________________________________________________________
                                                                                                                       kubo.exe
                    bafybeihfp6rputwd22phsgmlsiwfcy5hcpgia3wepunyt4haexzjrtq7ri
                        bafybeietkjtwj6tb5ooipimnwtco253yurh7c5tjxruucetx37g3wexiuy
________________________________________________________________________________________________________________________________
                                                                                                                          modem
                    bafybeigqp7ip3fmioccxmyvdru3xfomshqjqla2aisxv7mvp7amw4weayy
________________________________________________________________________________________________________________________________
                                                                                                                 soundmodem.exe
                        bafybeiafjopdexkpk2e4vbk7btbt2q3eau26w45qljmih5tski672souse
________________________________________________________________________________________________________________________________
                                                                                                                 soundmodem.ini
                        bafybeihdnl3xv5royzak5fe6cj4pg62sy5ow6ho35mbjbj4dhvj54rdnx4
________________________________________________________________________________________________________________________________
                                                                                                                   zMeModem.ini
                        bafybeihdnl3xv5royzak5fe6cj4pg62sy5ow6ho35mbjbj4dhvj54rdnx4
________________________________________________________________________________________________________________________________
                                                                                                                        par.exe
                    bafybeih5phuza4batugp527yml2jyja4gzm7774y6hi6hwyibzakgrpgdy
________________________________________________________________________________________________________________________________
                                                                                                                           pgpg
                    bafybeibgtub5dxbif6lzveunfjz7lbzgr6vdngra5lfghg2lymmljdzjki
________________________________________________________________________________________________________________________________
                                                                                                                        gpg.exe
                        bafybeics425fl7ffeg2d6pu2dmvwuj2fvw7dlawqawj4dazecxaxc3hlwi
________________________________________________________________________________________________________________________________
                                                                                                                     gpgtar.exe
                        bafybeieu643p2qvinbzdrextykdbrz5o2wvvnt3f3nyku3bvt7v7q6rooq
________________________________________________________________________________________________________________________________
                                                                                                                libassuan-0.dll
                        bafybeihmzkttnzy2qgwsqrpypp6ndnk5hrbttnkxesbmhexv4l7satuori
________________________________________________________________________________________________________________________________
                                                                                                               libgcrypt-20.dll
                        bafybeibk7m6okul4a3l5x6ul7xfk7f7aeiyx5kc4qoo5vj4eoewepalwdy
________________________________________________________________________________________________________________________________
                                                                                                             libgpg-error-0.dll
                        bafybeia6phg4dbyvbpokelxsg5afaz4x6eqk6qhssm5dmhd6rqmatlqm6a
________________________________________________________________________________________________________________________________
                                                                                                                  libnpth-0.dll
                        bafybeifl526zl4pjexmunwpebpe2xkmekqqfapwdvy7wtltllvrtwjifeq
________________________________________________________________________________________________________________________________
                                                                                                               libsqlite3-0.dll
                        bafybeih6xyfwfj2t4xsycz6vvqsplg77tl7ukekrxcgleqh2wqmq6a26oi
________________________________________________________________________________________________________________________________
                                                                                                                      zlib1.dll
                        bafybeihalz7et3ss5ii42pea4fyxr7phjd3iswlpci7uc2qvk3vx5jvgz4
________________________________________________________________________________________________________________________________
                                                                                                                         things
                bafybeibd6efaxtnszfaxubmweossatd25qefhdkfbii4qyazombjgmnwxe
________________________________________________________________________________________________________________________________
                                                                                                                           gets
                    bafybeiczsscdsbs7ffqz55asqdf3smv6klcw3gofszvwlyarci47bgf354
________________________________________________________________________________________________________________________________
                                                                                                                          mores
                    bafybeidf4hr3gkhoxsdma23rvlrej3u4prznmovhom5jccgmengtoqjaby
________________________________________________________________________________________________________________________________
                                                                                                                           LOGS
                        bafybeiczsscdsbs7ffqz55asqdf3smv6klcw3gofszvwlyarci47bgf354
________________________________________________________________________________________________________________________________
                                                                                                                            car
                        bafybeiczsscdsbs7ffqz55asqdf3smv6klcw3gofszvwlyarci47bgf354
________________________________________________________________________________________________________________________________
                                                                                                                          crypt
                        bafybeibq4vs4bamtpxxgxrskdjkllhy5huv4wh7tbsjxap3fnn6yzbw4cy
________________________________________________________________________________________________________________________________
                                                                                                                    SECRETfiles
                            bafybeiczsscdsbs7ffqz55asqdf3smv6klcw3gofszvwlyarci47bgf354
________________________________________________________________________________________________________________________________
                                                                                                                  SECRETphrases
                            bafybeiczsscdsbs7ffqz55asqdf3smv6klcw3gofszvwlyarci47bgf354
________________________________________________________________________________________________________________________________
                                                                                                                           sigk
                        bafybeiczsscdsbs7ffqz55asqdf3smv6klcw3gofszvwlyarci47bgf354
________________________________________________________________________________________________________________________________
                                                                                                                        secrets
                    bafybeiczsscdsbs7ffqz55asqdf3smv6klcw3gofszvwlyarci47bgf354
________________________________________________________________________________________________________________________________
                                                                                                                         shares
                    bafybeiczsscdsbs7ffqz55asqdf3smv6klcw3gofszvwlyarci47bgf354
________________________________________________________________________________________________________________________________
                                                                                                                 MeKuboWeb3.ico
        bafybeicxrv465kt22y4aamlkg7qdizuf56c5hs4uukv3sma3y5wea7dg2q
________________________________________________________________________________________________________________________________
                                                                    bafybeidtzeykvm25s3hatmw2jiolc7wrvi4eubcrq5swz7kcgg3plm3rxy
    bafybeidtzeykvm25s3hatmw2jiolc7wrvi4eubcrq5swz7kcgg3plm3rxy
________________________________________________________________________________________________________________________________
                                                                                                                MeKuboRmMfs.ico
        bafybeic2uyqeikw3fmjvxhtulwxepa3v4ucjsxxp7kzxrv5m3hz4k4olau
________________________________________________________________________________________________________________________________
                                                                                                                  MeKuboWidgets
        bafybeiesewbf7mdvtm3npqos574leupoxgvu3mfkaux4fxtssurvqzssru
________________________________________________________________________________________________________________________________
                                                                                                                    MeKuboRmMfs
            bafybeihvalr5c7quph6wl6rhtsluzx6o2gftyweyspe62467nuhk7f3ele
________________________________________________________________________________________________________________________________
                                                                                                                MeKuboRmMfs.exe
                bafybeihbcy4f6w2v2ch2pakh3tmu2ia6xdtul4cclh77ykhdpxgi4diwgy
________________________________________________________________________________________________________________________________
                                                                                                                 MeKuboRmMfs.py
                bafybeibzgyjr7wwxggyektj4u7kpwxulpza3exi4okv42qdbom4jincrka
________________________________________________________________________________________________________________________________
                                                                                                                            zoo
                bafybeifuj7rqasejbo4t5cv4q4fjplhgag3fjbeg7pk2ueanaweqj2a2sm
________________________________________________________________________________________________________________________________
                                                                                                                     2paths.ini
                    bafybeifj46gk32yiuwe5vrvthiasmfj43jn6pscmtlwqivagayheypyxre
________________________________________________________________________________________________________________________________
                                                                    bafybeifiksanjyct7s7zo6g7j63oyawbfukg2oic4ydzglmdh45ofbfsxq
    bafybeifiksanjyct7s7zo6g7j63oyawbfukg2oic4ydzglmdh45ofbfsxq
________________________________________________________________________________________________________________________________
                                                                                                                  MeKuboArk.ico
        bafybeihgkiyvsc3r5uf65whdsc6224mip5q4onisqmaxg7v72lyievvj6a
________________________________________________________________________________________________________________________________
                                                                                                                  MeKuboWidgets
        bafybeihd2wou4kx3dbaqrwekevrstia3u5meva2iznhpldfcwe5drm4m3a
________________________________________________________________________________________________________________________________
                                                                                                                      MeKuboArk
            bafybeie7vjd6mgd3rfjbwavyjacdnjz63mipqh65ocu6bclvdmdz7jdi2u
________________________________________________________________________________________________________________________________
                                                                                                                           LOGS
                bafybeiczsscdsbs7ffqz55asqdf3smv6klcw3gofszvwlyarci47bgf354
________________________________________________________________________________________________________________________________
                                                                                                                  MeKuboArk.exe
                bafybeiea6eu2ncx43ii2qgdqoqka3asuosvtx23v4u6dbyve7255kzyeqy
________________________________________________________________________________________________________________________________
                                                                                                                   MeKuboArk.py
                bafybeibnwf7owgol3vy7ahljfxith24p7ogd7muy2sv6ekw6xdpteilbz4
________________________________________________________________________________________________________________________________
                                                                                                                            zoo
                bafybeifuj7rqasejbo4t5cv4q4fjplhgag3fjbeg7pk2ueanaweqj2a2sm
________________________________________________________________________________________________________________________________
                                                                                                                     2paths.ini
                    bafybeifj46gk32yiuwe5vrvthiasmfj43jn6pscmtlwqivagayheypyxre
________________________________________________________________________________________________________________________________
