________________________________________________________________________________________________________________________________
bafybeieg5dwoc4brawgypulf72bduiizpxznvromos7a2vzvwwzilmnoia
________________________________________________________________________________________________________________________________
                                                                                                                           LOGS
    bafybeiccpbjvhjwfzpi77c55bgri425hbbeap5sajvv74yniajpa2v4kgi
________________________________________________________________________________________________________________________________
                                                                bafybeidh3ya2nk77443wkclsl6nghbokqnnkn6srysxxsy4dleewkyw76i.LOG
        bafybeia2qkq4njmfcanzz25xqleybhqohzzvzyrsjdkm2bqfvtpqfxcuze
________________________________________________________________________________________________________________________________
                                                                    bafybeidh3ya2nk77443wkclsl6nghbokqnnkn6srysxxsy4dleewkyw76i
    bafybeidh3ya2nk77443wkclsl6nghbokqnnkn6srysxxsy4dleewkyw76i
________________________________________________________________________________________________________________________________
                                                                                                                  MeKuboArk.ico
        bafybeihgkiyvsc3r5uf65whdsc6224mip5q4onisqmaxg7v72lyievvj6a
________________________________________________________________________________________________________________________________
                                                                                                                MeKuboRmMfs.ico
        bafybeic2uyqeikw3fmjvxhtulwxepa3v4ucjsxxp7kzxrv5m3hz4k4olau
________________________________________________________________________________________________________________________________
                                                                                                                MeKuboRmPin.ico
        bafybeicjgq47eyuppbjsmyxxdag43wst6ba7aggsd2uejwlyfovly3224e
________________________________________________________________________________________________________________________________
                                                                                                                     MeKuboWeb3
        bafybeih7rdgdfhxbagrt4j72pmhwwm5c5efi23mir2uwtw5yvkat53r6xu
________________________________________________________________________________________________________________________________
                                                                                                                 MeKuboWeb3.exe
            bafybeihjzjd3ew7bpzp6sexpz6v4yvfi7tbtqr6rxzc42nghwvr3bs6asa
________________________________________________________________________________________________________________________________
                                                                                                                  MeKuboWeb3.py
            bafybeiesmokl5dwrwguxkdf4bbmu6vkxrcsompue2fuabx63kvea5wmeca
________________________________________________________________________________________________________________________________
                                                                                                                            zoo
            bafybeibk33cr5gtubil5na4zkjsz6e5kqboi4paiwzz7eh7xyluvntnre4
________________________________________________________________________________________________________________________________
                                                                                                                           kubo
                bafybeidyn5rwwwywyhy45ya43gbup577x7yym4oqof3vuoqnz6s5hi4zpq
________________________________________________________________________________________________________________________________
                                                                                                                        .unixfs
                    bafybeiczsscdsbs7ffqz55asqdf3smv6klcw3gofszvwlyarci47bgf354
________________________________________________________________________________________________________________________________
                                                                                                                       kubo.exe
                    bafybeihfp6rputwd22phsgmlsiwfcy5hcpgia3wepunyt4haexzjrtq7ri
                        bafybeietkjtwj6tb5ooipimnwtco253yurh7c5tjxruucetx37g3wexiuy
________________________________________________________________________________________________________________________________
                                                                                                                          modem
                    bafybeigqp7ip3fmioccxmyvdru3xfomshqjqla2aisxv7mvp7amw4weayy
________________________________________________________________________________________________________________________________
                                                                                                                 soundmodem.exe
                        bafybeiafjopdexkpk2e4vbk7btbt2q3eau26w45qljmih5tski672souse
________________________________________________________________________________________________________________________________
                                                                                                                 soundmodem.ini
                        bafybeihdnl3xv5royzak5fe6cj4pg62sy5ow6ho35mbjbj4dhvj54rdnx4
________________________________________________________________________________________________________________________________
                                                                                                                   zMeModem.ini
                        bafybeihdnl3xv5royzak5fe6cj4pg62sy5ow6ho35mbjbj4dhvj54rdnx4
________________________________________________________________________________________________________________________________
                                                                                                                        par.exe
                    bafybeih5phuza4batugp527yml2jyja4gzm7774y6hi6hwyibzakgrpgdy
________________________________________________________________________________________________________________________________
                                                                                                                           pgpg
                    bafybeibgtub5dxbif6lzveunfjz7lbzgr6vdngra5lfghg2lymmljdzjki
________________________________________________________________________________________________________________________________
                                                                                                                        gpg.exe
                        bafybeics425fl7ffeg2d6pu2dmvwuj2fvw7dlawqawj4dazecxaxc3hlwi
________________________________________________________________________________________________________________________________
                                                                                                                     gpgtar.exe
                        bafybeieu643p2qvinbzdrextykdbrz5o2wvvnt3f3nyku3bvt7v7q6rooq
________________________________________________________________________________________________________________________________
                                                                                                                libassuan-0.dll
                        bafybeihmzkttnzy2qgwsqrpypp6ndnk5hrbttnkxesbmhexv4l7satuori
________________________________________________________________________________________________________________________________
                                                                                                               libgcrypt-20.dll
                        bafybeibk7m6okul4a3l5x6ul7xfk7f7aeiyx5kc4qoo5vj4eoewepalwdy
________________________________________________________________________________________________________________________________
                                                                                                             libgpg-error-0.dll
                        bafybeia6phg4dbyvbpokelxsg5afaz4x6eqk6qhssm5dmhd6rqmatlqm6a
________________________________________________________________________________________________________________________________
                                                                                                                  libnpth-0.dll
                        bafybeifl526zl4pjexmunwpebpe2xkmekqqfapwdvy7wtltllvrtwjifeq
________________________________________________________________________________________________________________________________
                                                                                                               libsqlite3-0.dll
                        bafybeih6xyfwfj2t4xsycz6vvqsplg77tl7ukekrxcgleqh2wqmq6a26oi
________________________________________________________________________________________________________________________________
                                                                                                                      zlib1.dll
                        bafybeihalz7et3ss5ii42pea4fyxr7phjd3iswlpci7uc2qvk3vx5jvgz4
________________________________________________________________________________________________________________________________
                                                                                                                         things
                bafybeibd6efaxtnszfaxubmweossatd25qefhdkfbii4qyazombjgmnwxe
________________________________________________________________________________________________________________________________
                                                                                                                           gets
                    bafybeiczsscdsbs7ffqz55asqdf3smv6klcw3gofszvwlyarci47bgf354
________________________________________________________________________________________________________________________________
                                                                                                                          mores
                    bafybeidf4hr3gkhoxsdma23rvlrej3u4prznmovhom5jccgmengtoqjaby
________________________________________________________________________________________________________________________________
                                                                                                                           LOGS
                        bafybeiczsscdsbs7ffqz55asqdf3smv6klcw3gofszvwlyarci47bgf354
________________________________________________________________________________________________________________________________
                                                                                                                            car
                        bafybeiczsscdsbs7ffqz55asqdf3smv6klcw3gofszvwlyarci47bgf354
________________________________________________________________________________________________________________________________
                                                                                                                          crypt
                        bafybeibq4vs4bamtpxxgxrskdjkllhy5huv4wh7tbsjxap3fnn6yzbw4cy
________________________________________________________________________________________________________________________________
                                                                                                                    SECRETfiles
                            bafybeiczsscdsbs7ffqz55asqdf3smv6klcw3gofszvwlyarci47bgf354
________________________________________________________________________________________________________________________________
                                                                                                                  SECRETphrases
                            bafybeiczsscdsbs7ffqz55asqdf3smv6klcw3gofszvwlyarci47bgf354
________________________________________________________________________________________________________________________________
                                                                                                                           sigk
                        bafybeiczsscdsbs7ffqz55asqdf3smv6klcw3gofszvwlyarci47bgf354
________________________________________________________________________________________________________________________________
                                                                                                                        secrets
                    bafybeiczsscdsbs7ffqz55asqdf3smv6klcw3gofszvwlyarci47bgf354
________________________________________________________________________________________________________________________________
                                                                                                                         shares
                    bafybeiczsscdsbs7ffqz55asqdf3smv6klcw3gofszvwlyarci47bgf354
________________________________________________________________________________________________________________________________
                                                                                                                 MeKuboWeb3.ico
        bafybeicxrv465kt22y4aamlkg7qdizuf56c5hs4uukv3sma3y5wea7dg2q
________________________________________________________________________________________________________________________________
                                                                                                               MeKuboWeb3me.ico
        bafybeihhyhuutufvnfkfyilmsbzlbvssrurm3rsf2mermh2fwvjb74tks4
________________________________________________________________________________________________________________________________
                                                                                                                  MeKuboWidgets
        bafybeidc2ywm6t2khernjn4sp5ert2ekyuabzupnti7z4ejx4mxyzoszhi
________________________________________________________________________________________________________________________________
                                                                                                                      MeKuboArk
            bafybeie7vjd6mgd3rfjbwavyjacdnjz63mipqh65ocu6bclvdmdz7jdi2u
________________________________________________________________________________________________________________________________
                                                                                                                           LOGS
                bafybeiczsscdsbs7ffqz55asqdf3smv6klcw3gofszvwlyarci47bgf354
________________________________________________________________________________________________________________________________
                                                                                                                  MeKuboArk.exe
                bafybeiea6eu2ncx43ii2qgdqoqka3asuosvtx23v4u6dbyve7255kzyeqy
________________________________________________________________________________________________________________________________
                                                                                                                   MeKuboArk.py
                bafybeibnwf7owgol3vy7ahljfxith24p7ogd7muy2sv6ekw6xdpteilbz4
________________________________________________________________________________________________________________________________
                                                                                                                            zoo
                bafybeifuj7rqasejbo4t5cv4q4fjplhgag3fjbeg7pk2ueanaweqj2a2sm
________________________________________________________________________________________________________________________________
                                                                                                                     2paths.ini
                    bafybeifj46gk32yiuwe5vrvthiasmfj43jn6pscmtlwqivagayheypyxre
________________________________________________________________________________________________________________________________
                                                                                                                    MeKuboRmMfs
            bafybeihvalr5c7quph6wl6rhtsluzx6o2gftyweyspe62467nuhk7f3ele
________________________________________________________________________________________________________________________________
                                                                                                                MeKuboRmMfs.exe
                bafybeihbcy4f6w2v2ch2pakh3tmu2ia6xdtul4cclh77ykhdpxgi4diwgy
________________________________________________________________________________________________________________________________
                                                                                                                 MeKuboRmMfs.py
                bafybeibzgyjr7wwxggyektj4u7kpwxulpza3exi4okv42qdbom4jincrka
________________________________________________________________________________________________________________________________
                                                                                                                            zoo
                bafybeifuj7rqasejbo4t5cv4q4fjplhgag3fjbeg7pk2ueanaweqj2a2sm
________________________________________________________________________________________________________________________________
                                                                                                                     2paths.ini
                    bafybeifj46gk32yiuwe5vrvthiasmfj43jn6pscmtlwqivagayheypyxre
________________________________________________________________________________________________________________________________
                                                                                                                    MeKuboRmPin
            bafybeienzcolwoapq623gk535vtgy6wzxjptfuwjd2j5jyqnetxadbq2d4
________________________________________________________________________________________________________________________________
                                                                                                                MeKuboRmPin.exe
                bafybeibwpmtvpg6xvncymernpllnqw5gxmzoeivw3vvwwbkc2rs5xikweu
________________________________________________________________________________________________________________________________
                                                                                                                 MeKuboRmPin.py
                bafybeif4ydrl7wgfro55ag23ngzkcgipvnb4kln5v7lsa6xzedca5fg6fi
________________________________________________________________________________________________________________________________
                                                                                                                            zoo
                bafybeifuj7rqasejbo4t5cv4q4fjplhgag3fjbeg7pk2ueanaweqj2a2sm
________________________________________________________________________________________________________________________________
                                                                                                                     2paths.ini
                    bafybeifj46gk32yiuwe5vrvthiasmfj43jn6pscmtlwqivagayheypyxre
________________________________________________________________________________________________________________________________
                                                                                                                     MeKuboTree
            bafybeihahat2tj4bney5rcirb62ikzz7pb4gsmxpt3v4wo3k22vvpbhizy
________________________________________________________________________________________________________________________________
                                                                                                                 MeKuboTree.exe
                bafybeiemhtfqvcj5y5si3lpckkz5hs7kx2bgrz3d733gxg5j2p6hxjswfa
________________________________________________________________________________________________________________________________
                                                                                                                  MeKuboTree.py
                bafybeic6mtfq7uq6ce3iqo44xnx33fg64yfrxocmrqgb5s4skvkndwtete
________________________________________________________________________________________________________________________________
                                                                                                                       hashtree
                bafybeiczsscdsbs7ffqz55asqdf3smv6klcw3gofszvwlyarci47bgf354
________________________________________________________________________________________________________________________________
